2022-03-06 21:58:47,563 [INFO] az.nicat.shoppingapp.ShoppingAppApplicationTests [main] Starting ShoppingAppApplicationTests using Java 17.0.2 on Nicat with PID 8536 (started by 99451 in C:\Users\99451\IdeaProjects\shopping-app)
2022-03-06 21:58:47,574 [DEBUG] az.nicat.shoppingapp.ShoppingAppApplicationTests [main] Running with Spring Boot v2.6.3, Spring v5.3.15
2022-03-06 21:58:47,574 [INFO] az.nicat.shoppingapp.ShoppingAppApplicationTests [main] No active profile set, falling back to default profiles: default
2022-03-06 21:58:49,038 [INFO] org.springframework.data.repository.config.RepositoryConfigurationDelegate [main] Bootstrapping Spring Data JPA repositories in DEFAULT mode.
2022-03-06 21:58:49,222 [INFO] org.springframework.data.repository.config.RepositoryConfigurationDelegate [main] Finished Spring Data repository scanning in 150 ms. Found 5 JPA repository interfaces.
2022-03-06 21:58:50,569 [INFO] org.hibernate.jpa.internal.util.LogHelper [main] HHH000204: Processing PersistenceUnitInfo [name: default]
2022-03-06 21:58:50,740 [INFO] org.hibernate.Version [main] HHH000412: Hibernate ORM core version 5.6.4.Final
2022-03-06 21:58:51,183 [INFO] org.hibernate.annotations.common.Version [main] HCANN000001: Hibernate Commons Annotations {5.1.2.Final}
2022-03-06 21:58:51,749 [INFO] com.zaxxer.hikari.HikariDataSource [main] HikariPool-1 - Starting...
2022-03-06 21:58:52,336 [INFO] com.zaxxer.hikari.HikariDataSource [main] HikariPool-1 - Start completed.
2022-03-06 21:58:52,373 [INFO] org.hibernate.dialect.Dialect [main] HHH000400: Using dialect: org.hibernate.dialect.PostgreSQL94Dialect
2022-03-06 21:58:55,226 [INFO] org.hibernate.engine.transaction.jta.platform.internal.JtaPlatformInitiator [main] HHH000490: Using JtaPlatform implementation: [org.hibernate.engine.transaction.jta.platform.internal.NoJtaPlatform]
2022-03-06 21:58:55,243 [INFO] org.springframework.orm.jpa.LocalContainerEntityManagerFactoryBean [main] Initialized JPA EntityManagerFactory for persistence unit 'default'
2022-03-06 21:58:56,997 [WARN] org.springframework.boot.autoconfigure.orm.jpa.JpaBaseConfiguration$JpaWebConfiguration [main] spring.jpa.open-in-view is enabled by default. Therefore, database queries may be performed during view rendering. Explicitly configure spring.jpa.open-in-view to disable this warning
2022-03-06 21:58:59,522 [INFO] org.springframework.security.web.DefaultSecurityFilterChain [main] Will secure any request with [org.springframework.security.web.context.request.async.WebAsyncManagerIntegrationFilter@2119b989, org.springframework.security.web.context.SecurityContextPersistenceFilter@30d5fc1b, org.springframework.security.web.header.HeaderWriterFilter@3dc39412, org.springframework.web.filter.CorsFilter@73905dff, org.springframework.security.web.authentication.logout.LogoutFilter@5ac53209, az.nicat.shoppingapp.security.SecurityFilter@49338f3, org.springframework.security.web.savedrequest.RequestCacheAwareFilter@6b3bc1f6, org.springframework.security.web.servletapi.SecurityContextHolderAwareRequestFilter@137d04d8, org.springframework.security.web.authentication.AnonymousAuthenticationFilter@5c0d3715, org.springframework.security.web.session.SessionManagementFilter@34d3bfca, org.springframework.security.web.access.ExceptionTranslationFilter@cc7909f, org.springframework.security.web.access.intercept.FilterSecurityInterceptor@5b5a89d1]
2022-03-06 21:59:01,253 [INFO] az.nicat.shoppingapp.ShoppingAppApplicationTests [main] Started ShoppingAppApplicationTests in 14.342 seconds (JVM running for 16.567)
2022-03-06 21:59:02,243 [INFO] org.springframework.orm.jpa.LocalContainerEntityManagerFactoryBean [SpringApplicationShutdownHook] Closing JPA EntityManagerFactory for persistence unit 'default'
2022-03-06 21:59:02,248 [INFO] com.zaxxer.hikari.HikariDataSource [SpringApplicationShutdownHook] HikariPool-1 - Shutdown initiated...
2022-03-06 21:59:02,257 [INFO] com.zaxxer.hikari.HikariDataSource [SpringApplicationShutdownHook] HikariPool-1 - Shutdown completed.
2022-03-06 22:02:10,899 [INFO] az.nicat.shoppingapp.ShoppingAppApplicationTests [main] Starting ShoppingAppApplicationTests using Java 17.0.2 on Nicat with PID 21372 (started by 99451 in C:\Users\99451\IdeaProjects\shopping-app)
2022-03-06 22:02:10,900 [DEBUG] az.nicat.shoppingapp.ShoppingAppApplicationTests [main] Running with Spring Boot v2.6.3, Spring v5.3.15
2022-03-06 22:02:10,900 [INFO] az.nicat.shoppingapp.ShoppingAppApplicationTests [main] No active profile set, falling back to default profiles: default
2022-03-06 22:02:12,228 [INFO] org.springframework.data.repository.config.RepositoryConfigurationDelegate [main] Bootstrapping Spring Data JPA repositories in DEFAULT mode.
2022-03-06 22:02:12,404 [INFO] org.springframework.data.repository.config.RepositoryConfigurationDelegate [main] Finished Spring Data repository scanning in 148 ms. Found 5 JPA repository interfaces.
2022-03-06 22:02:13,605 [INFO] org.hibernate.jpa.internal.util.LogHelper [main] HHH000204: Processing PersistenceUnitInfo [name: default]
2022-03-06 22:02:13,688 [INFO] org.hibernate.Version [main] HHH000412: Hibernate ORM core version 5.6.4.Final
2022-03-06 22:02:13,962 [INFO] org.hibernate.annotations.common.Version [main] HCANN000001: Hibernate Commons Annotations {5.1.2.Final}
2022-03-06 22:02:14,601 [INFO] com.zaxxer.hikari.HikariDataSource [main] HikariPool-1 - Starting...
2022-03-06 22:02:14,982 [INFO] com.zaxxer.hikari.HikariDataSource [main] HikariPool-1 - Start completed.
2022-03-06 22:02:15,022 [INFO] org.hibernate.dialect.Dialect [main] HHH000400: Using dialect: org.hibernate.dialect.PostgreSQL94Dialect
2022-03-06 22:02:16,471 [INFO] org.hibernate.engine.transaction.jta.platform.internal.JtaPlatformInitiator [main] HHH000490: Using JtaPlatform implementation: [org.hibernate.engine.transaction.jta.platform.internal.NoJtaPlatform]
2022-03-06 22:02:16,505 [INFO] org.springframework.orm.jpa.LocalContainerEntityManagerFactoryBean [main] Initialized JPA EntityManagerFactory for persistence unit 'default'
2022-03-06 22:02:17,499 [WARN] org.springframework.boot.autoconfigure.orm.jpa.JpaBaseConfiguration$JpaWebConfiguration [main] spring.jpa.open-in-view is enabled by default. Therefore, database queries may be performed during view rendering. Explicitly configure spring.jpa.open-in-view to disable this warning
2022-03-06 22:02:18,499 [INFO] org.springframework.security.web.DefaultSecurityFilterChain [main] Will secure any request with [org.springframework.security.web.context.request.async.WebAsyncManagerIntegrationFilter@4e826fd4, org.springframework.security.web.context.SecurityContextPersistenceFilter@32b1e906, org.springframework.security.web.header.HeaderWriterFilter@51c4992e, org.springframework.web.filter.CorsFilter@5f14590c, org.springframework.security.web.authentication.logout.LogoutFilter@697b48e4, az.nicat.shoppingapp.security.SecurityFilter@6108fd23, org.springframework.security.web.savedrequest.RequestCacheAwareFilter@2db6ba81, org.springframework.security.web.servletapi.SecurityContextHolderAwareRequestFilter@8ce4320, org.springframework.security.web.authentication.AnonymousAuthenticationFilter@46051269, org.springframework.security.web.session.SessionManagementFilter@1055d261, org.springframework.security.web.access.ExceptionTranslationFilter@6292c63e, org.springframework.security.web.access.intercept.FilterSecurityInterceptor@7a78d2aa]
2022-03-06 22:02:19,288 [INFO] az.nicat.shoppingapp.ShoppingAppApplicationTests [main] Started ShoppingAppApplicationTests in 8.952 seconds (JVM running for 10.729)
2022-03-06 22:02:19,697 [INFO] org.springframework.orm.jpa.LocalContainerEntityManagerFactoryBean [SpringApplicationShutdownHook] Closing JPA EntityManagerFactory for persistence unit 'default'
2022-03-06 22:02:19,701 [INFO] com.zaxxer.hikari.HikariDataSource [SpringApplicationShutdownHook] HikariPool-1 - Shutdown initiated...
2022-03-06 22:02:19,712 [INFO] com.zaxxer.hikari.HikariDataSource [SpringApplicationShutdownHook] HikariPool-1 - Shutdown completed.
